Arguments: 
  /Users/marting/.nvm/versions/node/v18.15.0/bin/node /opt/homebrew/Cellar/yarn/1.22.19/libexec/bin/yarn.js init @eslint/config

PATH: 
  /opt/homebrew/opt/jpeg/bin:/Users/marting/.nvm/versions/node/v18.15.0/bin:/opt/homebrew/anaconda3/bin:/usr/local/anaconda3/bin:/opt/homebrew/anaconda3/bin:/opt/homebrew/anaconda3/condabin:/opt/homebrew/opt/openjdk/bin:/opt/homebrew/bin:/opt/homebrew/sbin:/usr/local/bin:/System/Cryptexes/App/usr/bin:/usr/bin:/bin:/usr/sbin:/sbin:/Library/Apple/usr/bin:/flutter/bin

Yarn version: 
  1.22.19

Node version: 
  18.15.0

Platform: 
  darwin arm64

Trace: 
  Error: canceled
      at Interface.<anonymous> (/opt/homebrew/Cellar/yarn/1.22.19/libexec/lib/cli.js:137150:13)
      at Interface.emit (node:events:513:28)
      at [_ttyWrite] [as _ttyWrite] (node:internal/readline/interface:1131:18)
      at ReadStream.onkeypress (node:internal/readline/interface:270:20)
      at ReadStream.emit (node:events:513:28)
      at emitKeys (node:internal/readline/utils:357:14)
      at emitKeys.next (<anonymous>)
      at ReadStream.onData (node:internal/readline/emitKeypressEvents:64:36)
      at ReadStream.emit (node:events:513:28)
      at addChunk (node:internal/streams/readable:324:12)

npm manifest: 
  {
    "scripts": {
      "dev": "npm run server",
      "prod": "npm run build && npm run server:prod",
      "build": "vite build",
      "server": "ts-node ./server/index.ts",
      "server:prod": "cross-env NODE_ENV=production ts-node ./server/index.ts"
    },
    "dependencies": {
      "@types/compression": "^1.7.2",
      "@types/express": "^4.17.14",
      "@types/node": "^18.11.9",
      "@types/react": "^18.0.8",
      "@types/react-dom": "^18.0.3",
      "@vitejs/plugin-react": "^3.0.0",
      "compression": "^1.7.4",
      "cross-env": "^7.0.3",
      "express": "^4.18.1",
      "react": "^18.2.0",
      "react-dom": "^18.2.0",
      "sirv": "^2.0.2",
      "ts-node": "^10.9.1",
      "typescript": "^4.9.4",
      "vite": "^4.0.3",
      "vite-plugin-ssr": "^0.4.113"
    },
    "type": "module"
  }

yarn manifest: 
  No manifest

Lockfile: 
  No lockfile
